06:40:47.907 INFO - Selenium build info: version: '3.4.0', revision: 'unknown'
06:40:47.908 INFO - Launching a standalone Selenium Server
2017-08-30 06:40:47.962:INFO::main: Logging initialized @661ms to org.seleniumhq.jetty9.util.log.StdErrLog
06:40:48.056 INFO - Driver provider org.openqa.selenium.ie.InternetExplorerDriver registration is skipped:
 registration capabilities Capabilities [{ensureCleanSession=true, browserName=internet explorer, version=, platform=WINDOWS}] does not match the current platform MAC
06:40:48.057 INFO - Driver provider org.openqa.selenium.edge.EdgeDriver registration is skipped:
 registration capabilities Capabilities [{browserName=MicrosoftEdge, version=, platform=WINDOWS}] does not match the current platform MAC
06:40:48.057 INFO - Driver class not found: com.opera.core.systems.OperaDriver
06:40:48.057 INFO - Driver provider com.opera.core.systems.OperaDriver registration is skipped:
Unable to create new instances on this machine.
06:40:48.058 INFO - Driver class not found: com.opera.core.systems.OperaDriver
06:40:48.058 INFO - Driver provider com.opera.core.systems.OperaDriver is not registered
2017-08-30 06:40:48.147:INFO:osjs.Server:main: jetty-9.4.3.v20170317
2017-08-30 06:40:48.225:INFO:osjsh.ContextHandler:main: Started o.s.j.s.ServletContextHandler@14acaea5{/,null,AVAILABLE}
2017-08-30 06:40:48.285:INFO:osjs.AbstractConnector:main: Started ServerConnector@e25b2fe{HTTP/1.1,[http/1.1]}{0.0.0.0:4444}
2017-08-30 06:40:48.286:INFO:osjs.Server:main: Started @986ms
06:40:48.286 INFO - Selenium Server is up and running
06:40:48.716 INFO - SessionCleaner initialized with insideBrowserTimeout 0 and clientGoneTimeout 1800000 polling every 180000
06:40:48.761 INFO - Executing: [new session: Capabilities [{acceptSslCerts=true, name=Signin, browserName=chrome, javascriptEnabled=true, platform=ANY}]])
06:40:48.794 INFO - Creating a new session for Capabilities [{acceptSslCerts=true, name=Signin, browserName=chrome, javascriptEnabled=true, platform=ANY}]
Starting ChromeDriver 2.31.488774 (7e15618d1bf16df8bf0ecf2914ed1964a387ba0b) on port 48679
Only local connections are allowed.
06:40:50.978 INFO - Detected dialect: OSS
06:40:51.005 INFO - Done: [new session: Capabilities [{acceptSslCerts=true, name=Signin, browserName=chrome, javascriptEnabled=true, platform=ANY}]]
06:40:51.048 INFO - Executing: [get: http://localhost:3000])
06:40:51.636 INFO - Done: [get: http://localhost:3000]
06:40:51.648 INFO - Executing: [find elements: By.cssSelector: body])
06:40:51.709 INFO - Done: [find elements: By.cssSelector: body]
06:40:51.720 INFO - Executing: [is displayed: 0 [[ChromeDriver: chrome on MAC (383f0b69155158cc321d709d138c03c4)] -> css selector: body]])
06:40:51.762 INFO - Done: [is displayed: 0 [[ChromeDriver: chrome on MAC (383f0b69155158cc321d709d138c03c4)] -> css selector: body]]
06:40:52.773 INFO - Executing: [find elements: By.cssSelector: #login-button])
06:40:52.799 INFO - Done: [find elements: By.cssSelector: #login-button]
06:40:53.306 INFO - Executing: [find elements: By.cssSelector: #login-button])
06:40:53.318 INFO - Done: [find elements: By.cssSelector: #login-button]
06:40:53.833 INFO - Executing: [find elements: By.cssSelector: #login-button])
06:40:53.846 INFO - Done: [find elements: By.cssSelector: #login-button]
06:40:54.361 INFO - Executing: [find elements: By.cssSelector: #login-button])
06:40:54.379 INFO - Done: [find elements: By.cssSelector: #login-button]
06:40:54.892 INFO - Executing: [find elements: By.cssSelector: #login-button])
06:40:54.905 INFO - Done: [find elements: By.cssSelector: #login-button]
06:40:54.918 INFO - Executing: [delete session: fa2ec120-db8d-42bc-b593-6c6047f589b0])
06:40:54.999 INFO - Done: [delete session: fa2ec120-db8d-42bc-b593-6c6047f589b0]
06:40:55.036 INFO - Executing: [new session: Capabilities [{acceptSslCerts=true, name=Signup, browserName=chrome, javascriptEnabled=true, platform=ANY}]])
06:40:55.045 INFO - Creating a new session for Capabilities [{acceptSslCerts=true, name=Signup, browserName=chrome, javascriptEnabled=true, platform=ANY}]
Starting ChromeDriver 2.31.488774 (7e15618d1bf16df8bf0ecf2914ed1964a387ba0b) on port 45094
Only local connections are allowed.
06:40:56.182 INFO - Detected dialect: OSS
06:40:56.193 INFO - Done: [new session: Capabilities [{acceptSslCerts=true, name=Signup, browserName=chrome, javascriptEnabled=true, platform=ANY}]]
06:40:56.200 INFO - Executing: [get: http://localhost:3000/signup])
06:40:56.589 INFO - Done: [get: http://localhost:3000/signup]
06:40:56.600 INFO - Executing: [find elements: By.cssSelector: body])
06:40:56.638 INFO - Done: [find elements: By.cssSelector: body]
06:40:56.645 INFO - Executing: [is displayed: 0 [[ChromeDriver: chrome on MAC (547e7528821a674e89af95d62825c746)] -> css selector: body]])
06:40:56.663 INFO - Done: [is displayed: 0 [[ChromeDriver: chrome on MAC (547e7528821a674e89af95d62825c746)] -> css selector: body]]
06:40:56.670 INFO - Executing: [find element: By.cssSelector: input[name=username]])
06:41:02.680 WARN - Exception thrown
org.openqa.selenium.NoSuchElementException: no such element: Unable to locate element: {"method":"css selector","selector":"input[name=username]"}
  (Session info: chrome=60.0.3112.113)
  (Driver info: chromedriver=2.31.488774 (7e15618d1bf16df8bf0ecf2914ed1964a387ba0b),platform=Mac OS X 10.12.6 x86_64) (WARNING: The server did not provide any stacktrace information)
Command duration or timeout: 48 milliseconds
For documentation on this error, please visit: http://seleniumhq.org/exceptions/no_such_element.html
Build info: version: '3.4.0', revision: 'unknown', time: 'unknown'
System info: host: 'Andelas-MacBook-Pro-4.local', ip: 'fe80:0:0:0:fccc:f0ff:fea6:e5f%9', os.name: 'Mac OS X', os.arch: 'x86_64', os.version: '10.12.6', java.version: '1.8.0_144'
Driver info: org.openqa.selenium.chrome.ChromeDriver
Capabilities [{applicationCacheEnabled=false, rotatable=false, mobileEmulationEnabled=false, networkConnectionEnabled=false, chrome={chromedriverVersion=2.31.488774 (7e15618d1bf16df8bf0ecf2914ed1964a387ba0b), userDataDir=/var/folders/sj/1dpjp6012qs0q8yqrzdwh7hw0000gn/T/.org.chromium.Chromium.6NzIlI}, takesHeapSnapshot=true, pageLoadStrategy=normal, databaseEnabled=false, handlesAlerts=true, hasTouchScreen=false, version=60.0.3112.113, platform=MAC, browserConnectionEnabled=false, nativeEvents=true, acceptSslCerts=true, locationContextEnabled=true, webStorageEnabled=true, browserName=chrome, takesScreenshot=true, javascriptEnabled=true, cssSelectorsEnabled=true, setWindowRect=true, unexpectedAlertBehaviour=}]
Session ID: 547e7528821a674e89af95d62825c746
*** Element info: {Using=css selector, value=input[name=username]}
	at sun.reflect.NativeConstructorAccessorImpl.newInstance0(Native Method)
	at sun.reflect.NativeConstructorAccessorImpl.newInstance(NativeConstructorAccessorImpl.java:62)
	at sun.reflect.DelegatingConstructorAccessorImpl.newInstance(DelegatingConstructorAccessorImpl.java:45)
	at java.lang.reflect.Constructor.newInstance(Constructor.java:423)
	at org.openqa.selenium.remote.ErrorHandler.createThrowable(ErrorHandler.java:215)
	at org.openqa.selenium.remote.ErrorHandler.throwIfResponseFailed(ErrorHandler.java:167)
	at org.openqa.selenium.remote.RemoteWebDriver.execute(RemoteWebDriver.java:671)
	at org.openqa.selenium.remote.RemoteWebDriver.findElement(RemoteWebDriver.java:410)
	at org.openqa.selenium.remote.RemoteWebDriver.findElementByCssSelector(RemoteWebDriver.java:501)
	at org.openqa.selenium.By$ByCssSelector.findElement(By.java:430)
	at org.openqa.selenium.remote.RemoteWebDriver.findElement(RemoteWebDriver.java:402)
	at sun.reflect.NativeMethodAccessorImpl.invoke0(Native Method)
	at sun.reflect.NativeMethodAccessorImpl.invoke(NativeMethodAccessorImpl.java:62)
	at sun.reflect.DelegatingMethodAccessorImpl.invoke(DelegatingMethodAccessorImpl.java:43)
	at java.lang.reflect.Method.invoke(Method.java:498)
	at org.openqa.selenium.support.events.EventFiringWebDriver$2.invoke(EventFiringWebDriver.java:104)
	at com.sun.proxy.$Proxy4.findElement(Unknown Source)
	at org.openqa.selenium.support.events.EventFiringWebDriver.findElement(EventFiringWebDriver.java:188)
	at org.openqa.selenium.remote.server.handler.FindElement.call(FindElement.java:48)
	at org.openqa.selenium.remote.server.handler.FindElement.call(FindElement.java:33)
	at java.util.concurrent.FutureTask.run(FutureTask.java:266)
	at org.openqa.selenium.remote.server.DefaultSession$1.run(DefaultSession.java:176)
	at java.util.concurrent.ThreadPoolExecutor.runWorker(ThreadPoolExecutor.java:1149)
	at java.util.concurrent.ThreadPoolExecutor$Worker.run(ThreadPoolExecutor.java:624)
	at java.lang.Thread.run(Thread.java:748)
06:41:02.684 WARN - Exception: no such element: Unable to locate element: {"method":"css selector","selector":"input[name=username]"}
  (Session info: chrome=60.0.3112.113)
  (Driver info: chromedriver=2.31.488774 (7e15618d1bf16df8bf0ecf2914ed1964a387ba0b),platform=Mac OS X 10.12.6 x86_64) (WARNING: The server did not provide any stacktrace information)
Command duration or timeout: 48 milliseconds
For documentation on this error, please visit: http://seleniumhq.org/exceptions/no_such_element.html
Build info: version: '3.4.0', revision: 'unknown', time: 'unknown'
System info: host: 'Andelas-MacBook-Pro-4.local', ip: 'fe80:0:0:0:fccc:f0ff:fea6:e5f%9', os.name: 'Mac OS X', os.arch: 'x86_64', os.version: '10.12.6', java.version: '1.8.0_144'
Driver info: org.openqa.selenium.chrome.ChromeDriver
Capabilities [{applicationCacheEnabled=false, rotatable=false, mobileEmulationEnabled=false, networkConnectionEnabled=false, chrome={chromedriverVersion=2.31.488774 (7e15618d1bf16df8bf0ecf2914ed1964a387ba0b), userDataDir=/var/folders/sj/1dpjp6012qs0q8yqrzdwh7hw0000gn/T/.org.chromium.Chromium.6NzIlI}, takesHeapSnapshot=true, pageLoadStrategy=normal, databaseEnabled=false, handlesAlerts=true, hasTouchScreen=false, version=60.0.3112.113, platform=MAC, browserConnectionEnabled=false, nativeEvents=true, acceptSslCerts=true, locationContextEnabled=true, webStorageEnabled=true, browserName=chrome, takesScreenshot=true, javascriptEnabled=true, cssSelectorsEnabled=true, setWindowRect=true, unexpectedAlertBehaviour=}]
Session ID: 547e7528821a674e89af95d62825c746
*** Element info: {Using=css selector, value=input[name=username]}
06:41:02.733 INFO - Executing: [find element: By.cssSelector: input[name=password]])
06:41:03.106 WARN - Exception thrown
org.openqa.selenium.NoSuchElementException: no such element: Unable to locate element: {"method":"css selector","selector":"input[name=password]"}
  (Session info: chrome=60.0.3112.113)
  (Driver info: chromedriver=2.31.488774 (7e15618d1bf16df8bf0ecf2914ed1964a387ba0b),platform=Mac OS X 10.12.6 x86_64) (WARNING: The server did not provide any stacktrace information)
Command duration or timeout: 34 milliseconds
For documentation on this error, please visit: http://seleniumhq.org/exceptions/no_such_element.html
Build info: version: '3.4.0', revision: 'unknown', time: 'unknown'
System info: host: 'Andelas-MacBook-Pro-4.local', ip: 'fe80:0:0:0:fccc:f0ff:fea6:e5f%9', os.name: 'Mac OS X', os.arch: 'x86_64', os.version: '10.12.6', java.version: '1.8.0_144'
Driver info: org.openqa.selenium.chrome.ChromeDriver
Capabilities [{applicationCacheEnabled=false, rotatable=false, mobileEmulationEnabled=false, networkConnectionEnabled=false, chrome={chromedriverVersion=2.31.488774 (7e15618d1bf16df8bf0ecf2914ed1964a387ba0b), userDataDir=/var/folders/sj/1dpjp6012qs0q8yqrzdwh7hw0000gn/T/.org.chromium.Chromium.6NzIlI}, takesHeapSnapshot=true, pageLoadStrategy=normal, databaseEnabled=false, handlesAlerts=true, hasTouchScreen=false, version=60.0.3112.113, platform=MAC, browserConnectionEnabled=false, nativeEvents=true, acceptSslCerts=true, locationContextEnabled=true, webStorageEnabled=true, browserName=chrome, takesScreenshot=true, javascriptEnabled=true, cssSelectorsEnabled=true, setWindowRect=true, unexpectedAlertBehaviour=}]
Session ID: 547e7528821a674e89af95d62825c746
*** Element info: {Using=css selector, value=input[name=password]}
	at sun.reflect.NativeConstructorAccessorImpl.newInstance0(Native Method)
	at sun.reflect.NativeConstructorAccessorImpl.newInstance(NativeConstructorAccessorImpl.java:62)
	at sun.reflect.DelegatingConstructorAccessorImpl.newInstance(DelegatingConstructorAccessorImpl.java:45)
	at java.lang.reflect.Constructor.newInstance(Constructor.java:423)
	at org.openqa.selenium.remote.ErrorHandler.createThrowable(ErrorHandler.java:215)
	at org.openqa.selenium.remote.ErrorHandler.throwIfResponseFailed(ErrorHandler.java:167)
	at org.openqa.selenium.remote.RemoteWebDriver.execute(RemoteWebDriver.java:671)
	at org.openqa.selenium.remote.RemoteWebDriver.findElement(RemoteWebDriver.java:410)
	at org.openqa.selenium.remote.RemoteWebDriver.findElementByCssSelector(RemoteWebDriver.java:501)
	at org.openqa.selenium.By$ByCssSelector.findElement(By.java:430)
	at org.openqa.selenium.remote.RemoteWebDriver.findElement(RemoteWebDriver.java:402)
	at sun.reflect.NativeMethodAccessorImpl.invoke0(Native Method)
	at sun.reflect.NativeMethodAccessorImpl.invoke(NativeMethodAccessorImpl.java:62)
	at sun.reflect.DelegatingMethodAccessorImpl.invoke(DelegatingMethodAccessorImpl.java:43)
	at java.lang.reflect.Method.invoke(Method.java:498)
	at org.openqa.selenium.support.events.EventFiringWebDriver$2.invoke(EventFiringWebDriver.java:104)
	at com.sun.proxy.$Proxy4.findElement(Unknown Source)
	at org.openqa.selenium.support.events.EventFiringWebDriver.findElement(EventFiringWebDriver.java:188)
	at org.openqa.selenium.remote.server.handler.FindElement.call(FindElement.java:48)
	at org.openqa.selenium.remote.server.handler.FindElement.call(FindElement.java:33)
	at java.util.concurrent.FutureTask.run(FutureTask.java:266)
	at org.openqa.selenium.remote.server.DefaultSession$1.run(DefaultSession.java:176)
	at java.util.concurrent.ThreadPoolExecutor.runWorker(ThreadPoolExecutor.java:1149)
	at java.util.concurrent.ThreadPoolExecutor$Worker.run(ThreadPoolExecutor.java:624)
	at java.lang.Thread.run(Thread.java:748)
06:41:03.107 WARN - Exception: no such element: Unable to locate element: {"method":"css selector","selector":"input[name=password]"}
  (Session info: chrome=60.0.3112.113)
  (Driver info: chromedriver=2.31.488774 (7e15618d1bf16df8bf0ecf2914ed1964a387ba0b),platform=Mac OS X 10.12.6 x86_64) (WARNING: The server did not provide any stacktrace information)
Command duration or timeout: 34 milliseconds
For documentation on this error, please visit: http://seleniumhq.org/exceptions/no_such_element.html
Build info: version: '3.4.0', revision: 'unknown', time: 'unknown'
System info: host: 'Andelas-MacBook-Pro-4.local', ip: 'fe80:0:0:0:fccc:f0ff:fea6:e5f%9', os.name: 'Mac OS X', os.arch: 'x86_64', os.version: '10.12.6', java.version: '1.8.0_144'
Driver info: org.openqa.selenium.chrome.ChromeDriver
Capabilities [{applicationCacheEnabled=false, rotatable=false, mobileEmulationEnabled=false, networkConnectionEnabled=false, chrome={chromedriverVersion=2.31.488774 (7e15618d1bf16df8bf0ecf2914ed1964a387ba0b), userDataDir=/var/folders/sj/1dpjp6012qs0q8yqrzdwh7hw0000gn/T/.org.chromium.Chromium.6NzIlI}, takesHeapSnapshot=true, pageLoadStrategy=normal, databaseEnabled=false, handlesAlerts=true, hasTouchScreen=false, version=60.0.3112.113, platform=MAC, browserConnectionEnabled=false, nativeEvents=true, acceptSslCerts=true, locationContextEnabled=true, webStorageEnabled=true, browserName=chrome, takesScreenshot=true, javascriptEnabled=true, cssSelectorsEnabled=true, setWindowRect=true, unexpectedAlertBehaviour=}]
Session ID: 547e7528821a674e89af95d62825c746
*** Element info: {Using=css selector, value=input[name=password]}
06:41:03.167 INFO - Executing: [find elements: By.cssSelector: .signup-form])
06:41:03.197 INFO - Done: [find elements: By.cssSelector: .signup-form]
06:41:03.702 INFO - Executing: [find elements: By.cssSelector: .signup-form])
06:41:03.710 INFO - Done: [find elements: By.cssSelector: .signup-form]
06:41:04.225 INFO - Executing: [find elements: By.cssSelector: .signup-form])
06:41:04.269 INFO - Done: [find elements: By.cssSelector: .signup-form]
06:41:04.283 INFO - Executing: [delete session: d5c27a07-21bb-48d7-9311-453c66200d93])
06:41:04.418 INFO - Done: [delete session: d5c27a07-21bb-48d7-9311-453c66200d93]
